Watching for file changes with StatReloader
[05/Sep/2022 12:54:38] "GET / HTTP/1.1" 200 31400
[05/Sep/2022 12:54:38] "GET /static/css/style.css HTTP/1.1" 200 14296
[05/Sep/2022 12:54:38] "GET /static/css/footer.css HTTP/1.1" 200 3462
[05/Sep/2022 12:54:38] "GET /static/images/registration.png HTTP/1.1" 200 509
[05/Sep/2022 12:54:38] "GET /static/images/homepage/1.png HTTP/1.1" 200 1294
[05/Sep/2022 12:54:38] "GET /static/images/homepage/2.png HTTP/1.1" 200 1493
[05/Sep/2022 12:54:38] "GET /static/images/homepage/slash.svg HTTP/1.1" 200 174
[05/Sep/2022 12:54:39] "GET /static/images/homepage/about_img.png HTTP/1.1" 200 528282
[05/Sep/2022 12:54:39] "GET /static/images/logo.svg HTTP/1.1" 200 261106
[05/Sep/2022 12:54:39] "GET /static/images/homepage/slide1.png HTTP/1.1" 200 271239
[05/Sep/2022 12:54:39] "GET /static/images/homepage/slide2.png HTTP/1.1" 200 231107
[05/Sep/2022 12:54:39] "GET /static/images/homepage/slide3.png HTTP/1.1" 200 303901
[05/Sep/2022 12:54:39] "GET /static/images/homepage/right_blue.svg HTTP/1.1" 200 210
[05/Sep/2022 12:54:40] "GET /static/images/homepage/aicte-logo.png HTTP/1.1" 200 494691
[05/Sep/2022 12:54:40] "GET /static/images/footer/1.png HTTP/1.1" 200 417
[05/Sep/2022 12:54:40] "GET /static/images/footer/2.png HTTP/1.1" 200 377
[05/Sep/2022 12:54:40] "GET /static/images/footer/fb.png HTTP/1.1" 200 259
[05/Sep/2022 12:54:40] "GET /static/images/homepage/banner.svg HTTP/1.1" 200 1163330
[05/Sep/2022 12:54:40] "GET /static/images/footer/insta.png HTTP/1.1" 200 578
[05/Sep/2022 12:54:40] "GET /static/images/footer/twitter.png HTTP/1.1" 200 498
[05/Sep/2022 12:54:40] "GET /static/images/footer/linkd.png HTTP/1.1" 200 398
[05/Sep/2022 12:54:41] "GET /static/images/homepage/about_arrow.png HTTP/1.1" 200 3885
[05/Sep/2022 12:54:41] "GET /static/images/award/brown_circle.png HTTP/1.1" 200 1401
[05/Sep/2022 12:54:41] "GET /static/images/homepage/left_arrow.svg HTTP/1.1" 200 729
[05/Sep/2022 12:54:41] "GET /static/images/homepage/right_arrow.svg HTTP/1.1" 200 745
Performing system checks...

System check identified no issues (0 silenced).
September 05, 2022 - 12:54:30
Django version 4.1, using settings 'are.settings.dev'
Starting development server at http://0.0.0.0:8000/
Quit the server with CONTROL-C.
Watching for file changes with StatReloader
[05/Sep/2022 13:25:59] "GET / HTTP/1.1" 200 31400
[05/Sep/2022 13:25:59] "GET /static/css/style.css HTTP/1.1" 304 0
[05/Sep/2022 13:25:59] "GET /static/css/footer.css HTTP/1.1" 304 0
[05/Sep/2022 13:25:59] "GET /static/images/registration.png HTTP/1.1" 304 0
[05/Sep/2022 13:25:59] "GET /static/images/logo.svg HTTP/1.1" 304 0
[05/Sep/2022 13:25:59] "GET /static/images/homepage/1.png HTTP/1.1" 304 0
[05/Sep/2022 13:25:59] "GET /static/images/homepage/2.png HTTP/1.1" 304 0
[05/Sep/2022 13:25:59] "GET /static/images/homepage/slash.svg HTTP/1.1" 304 0
[05/Sep/2022 13:26:00] "GET /static/images/homepage/about_img.png HTTP/1.1" 304 0
[05/Sep/2022 13:26:00] "GET /static/images/homepage/slide2.png HTTP/1.1" 304 0
[05/Sep/2022 13:26:00] "GET /static/images/homepage/slide1.png HTTP/1.1" 304 0
[05/Sep/2022 13:26:00] "GET /static/images/homepage/slide3.png HTTP/1.1" 304 0
[05/Sep/2022 13:26:00] "GET /static/images/homepage/right_blue.svg HTTP/1.1" 304 0
[05/Sep/2022 13:26:00] "GET /static/images/homepage/banner.svg HTTP/1.1" 304 0
[05/Sep/2022 13:26:00] "GET /static/images/homepage/aicte-logo.png HTTP/1.1" 304 0
[05/Sep/2022 13:26:00] "GET /static/images/footer/1.png HTTP/1.1" 304 0
[05/Sep/2022 13:26:00] "GET /static/images/footer/2.png HTTP/1.1" 304 0
[05/Sep/2022 13:26:00] "GET /static/images/footer/fb.png HTTP/1.1" 304 0
[05/Sep/2022 13:26:00] "GET /static/images/footer/insta.png HTTP/1.1" 304 0
[05/Sep/2022 13:26:00] "GET /static/images/footer/twitter.png HTTP/1.1" 304 0
[05/Sep/2022 13:26:01] "GET /static/images/footer/linkd.png HTTP/1.1" 304 0
[05/Sep/2022 13:26:01] "GET /static/images/homepage/about_arrow.png HTTP/1.1" 304 0
[05/Sep/2022 13:26:01] "GET /static/images/award/brown_circle.png HTTP/1.1" 304 0
[05/Sep/2022 13:26:01] "GET /static/images/homepage/left_arrow.svg HTTP/1.1" 304 0
[05/Sep/2022 13:26:01] "GET /static/images/homepage/right_arrow.svg HTTP/1.1" 304 0
[05/Sep/2022 13:26:08] "GET / HTTP/1.1" 200 31400
[05/Sep/2022 13:29:22] "GET / HTTP/1.1" 200 31400
[05/Sep/2022 13:29:23] "GET /static/css/footer.css HTTP/1.1" 304 0
[05/Sep/2022 13:29:23] "GET /static/css/style.css HTTP/1.1" 304 0
[05/Sep/2022 13:29:23] "GET /static/images/logo.svg HTTP/1.1" 304 0
[05/Sep/2022 13:29:23] "GET /static/images/registration.png HTTP/1.1" 304 0
[05/Sep/2022 13:29:23] "GET /static/images/homepage/1.png HTTP/1.1" 304 0
[05/Sep/2022 13:29:23] "GET /static/images/homepage/2.png HTTP/1.1" 304 0
[05/Sep/2022 13:29:23] "GET /static/images/homepage/slash.svg HTTP/1.1" 304 0
[05/Sep/2022 13:29:23] "GET /static/images/homepage/slide3.png HTTP/1.1" 304 0
[05/Sep/2022 13:29:23] "GET /static/images/homepage/about_img.png HTTP/1.1" 304 0
[05/Sep/2022 13:29:23] "GET /static/images/homepage/slide2.png HTTP/1.1" 304 0
[05/Sep/2022 13:29:23] "GET /static/images/homepage/slide1.png HTTP/1.1" 304 0
[05/Sep/2022 13:29:23] "GET /static/images/homepage/banner.svg HTTP/1.1" 304 0
[05/Sep/2022 13:29:24] "GET /static/images/homepage/aicte-logo.png HTTP/1.1" 304 0
[05/Sep/2022 13:29:24] "GET /static/images/footer/1.png HTTP/1.1" 304 0
[05/Sep/2022 13:29:24] "GET /static/images/footer/2.png HTTP/1.1" 304 0
[05/Sep/2022 13:29:24] "GET /static/images/homepage/right_blue.svg HTTP/1.1" 304 0
[05/Sep/2022 13:29:24] "GET /static/images/footer/fb.png HTTP/1.1" 304 0
[05/Sep/2022 13:29:24] "GET /static/images/footer/insta.png HTTP/1.1" 304 0
[05/Sep/2022 13:29:24] "GET /static/images/footer/twitter.png HTTP/1.1" 304 0
[05/Sep/2022 13:29:24] "GET /static/images/homepage/about_arrow.png HTTP/1.1" 304 0
[05/Sep/2022 13:29:24] "GET /static/images/award/brown_circle.png HTTP/1.1" 304 0
[05/Sep/2022 13:29:24] "GET /static/images/footer/linkd.png HTTP/1.1" 304 0
[05/Sep/2022 13:29:24] "GET /static/images/homepage/left_arrow.svg HTTP/1.1" 304 0
[05/Sep/2022 13:29:24] "GET /static/images/homepage/right_arrow.svg HTTP/1.1" 304 0
[05/Sep/2022 13:45:30] "GET / HTTP/1.1" 200 31400
[05/Sep/2022 13:45:31] "GET /static/css/style.css HTTP/1.1" 200 14296
[05/Sep/2022 13:45:31] "GET /static/css/footer.css HTTP/1.1" 200 3462
[05/Sep/2022 13:45:32] "GET /static/images/registration.png HTTP/1.1" 200 509
[05/Sep/2022 13:45:32] "GET /static/images/homepage/slash.svg HTTP/1.1" 200 174
[05/Sep/2022 13:45:32] "GET /static/images/homepage/1.png HTTP/1.1" 200 1294
[05/Sep/2022 13:45:32] "GET /static/images/homepage/2.png HTTP/1.1" 200 1493
[05/Sep/2022 13:45:37] "GET /static/images/homepage/slide2.png HTTP/1.1" 200 231107
[05/Sep/2022 13:45:37] "GET /static/images/homepage/slide1.png HTTP/1.1" 200 271239
[05/Sep/2022 13:45:38] "GET /static/images/logo.svg HTTP/1.1" 200 261106
[05/Sep/2022 13:45:39] "GET /static/images/homepage/slide3.png HTTP/1.1" 200 303901
[05/Sep/2022 13:45:40] "GET /static/images/homepage/right_blue.svg HTTP/1.1" 200 210
[05/Sep/2022 13:45:40] "GET /static/images/footer/1.png HTTP/1.1" 200 417
[05/Sep/2022 13:45:41] "GET /static/images/footer/2.png HTTP/1.1" 200 377
[05/Sep/2022 13:45:41] "GET /static/images/homepage/about_img.png HTTP/1.1" 200 528282
[05/Sep/2022 13:45:41] "GET /static/images/footer/fb.png HTTP/1.1" 200 259
[05/Sep/2022 13:45:41] "GET /static/images/footer/insta.png HTTP/1.1" 200 578
[05/Sep/2022 13:45:41] "GET /static/images/footer/twitter.png HTTP/1.1" 200 498
[05/Sep/2022 13:45:42] "GET /static/images/footer/linkd.png HTTP/1.1" 200 398
[05/Sep/2022 13:45:42] "GET /static/images/award/brown_circle.png HTTP/1.1" 200 1401
[05/Sep/2022 13:45:42] "GET /static/images/homepage/about_arrow.png HTTP/1.1" 200 3885
[05/Sep/2022 13:45:43] "GET /static/images/homepage/right_arrow.svg HTTP/1.1" 200 745
[05/Sep/2022 13:45:43] "GET /static/images/homepage/left_arrow.svg HTTP/1.1" 200 729
[05/Sep/2022 13:45:46] "GET /context/ HTTP/1.1" 200 25112
[05/Sep/2022 13:45:46] "GET /static/css/context.css HTTP/1.1" 200 4078
[05/Sep/2022 13:45:47] "GET /static/images/homepage/aicte-logo.png HTTP/1.1" 200 494691
[05/Sep/2022 13:45:47] "GET /static/images/amg/check-circle.svg HTTP/1.1" 200 628
[05/Sep/2022 13:45:47] "GET /static/images/context/line_circle.png HTTP/1.1" 200 29816
[05/Sep/2022 13:45:48] "GET /static/images/context/running_right.png HTTP/1.1" 200 206042
[05/Sep/2022 13:45:51] "GET /static/images/context/conference_img.png HTTP/1.1" 200 420619
[05/Sep/2022 13:45:53] "GET /static/images/context/Participating_img.png HTTP/1.1" 200 210879
[05/Sep/2022 13:45:55] "GET /static/images/context/blue_vectore.png HTTP/1.1" 200 296639
[05/Sep/2022 13:45:55] "GET /ourpartner/ HTTP/1.1" 200 14411
[05/Sep/2022 13:45:55] "GET /static/css/ourpartner.css HTTP/1.1" 200 2666
[05/Sep/2022 13:45:55] "GET /static/images/partner/1.png HTTP/1.1" 200 7602
[05/Sep/2022 13:45:55] "GET /static/images/partner/2.png HTTP/1.1" 200 3471
[05/Sep/2022 13:45:56] "GET /static/images/partner/6.png HTTP/1.1" 200 6239
[05/Sep/2022 13:45:56] "GET /static/images/partner/3.png HTTP/1.1" 200 6114
[05/Sep/2022 13:45:56] "GET /static/images/homepage/banner.svg HTTP/1.1" 200 1163330
[05/Sep/2022 13:45:56] "GET /static/images/partner/4.png HTTP/1.1" 200 2634
[05/Sep/2022 13:45:57] "GET /static/images/partner/5.png HTTP/1.1" 200 1477
[05/Sep/2022 13:45:57] "GET /static/images/partner/7.png HTTP/1.1" 200 3605
[05/Sep/2022 13:45:58] "GET /static/images/partner/8.png HTTP/1.1" 200 6559
[05/Sep/2022 13:45:58] "GET /static/images/partner/9.png HTTP/1.1" 200 5191
[05/Sep/2022 13:45:58] "GET /static/images/partner/10.png HTTP/1.1" 200 3975
[05/Sep/2022 13:45:58] "GET /static/images/partner/11.png HTTP/1.1" 200 2815
[05/Sep/2022 13:45:58] "GET /static/images/partner/12.png HTTP/1.1" 200 6839
[05/Sep/2022 13:46:01] "GET /static/images/partner/banner.png HTTP/1.1" 200 645876
[05/Sep/2022 13:46:02] "GET /agenda/ HTTP/1.1" 200 19046
[05/Sep/2022 13:46:03] "GET /static/css/agenda.css HTTP/1.1" 200 1368
[05/Sep/2022 13:46:12] "GET /static/images/agenda/agenda_banner.png HTTP/1.1" 200 434348
[05/Sep/2022 13:46:17] "GET / HTTP/1.1" 200 31400
[05/Sep/2022 13:46:37] "GET / HTTP/1.1" 200 31400
[05/Sep/2022 13:47:20] "GET /award/ HTTP/1.1" 200 11828
[05/Sep/2022 13:47:20] "GET /static/css/award.css HTTP/1.1" 200 5641
[05/Sep/2022 13:47:20] "GET /static/images/award/opportunity_img.png HTTP/1.1" 200 198234
[05/Sep/2022 13:47:21] "GET /static/images/award/appr_leftb.png HTTP/1.1" 200 24772
[05/Sep/2022 13:47:21] "GET /static/images/award/brown_circle2.png HTTP/1.1" 200 2093
[05/Sep/2022 13:47:22] "GET /static/images/award/category_img.png HTTP/1.1" 200 290973
[05/Sep/2022 13:47:23] "GET /static/images/award/save_world.png HTTP/1.1" 200 342325
[05/Sep/2022 13:47:24] "GET /static/images/award/appr_rightb.png HTTP/1.1" 200 6672
[05/Sep/2022 13:47:27] "GET /static/images/award/award_banner.png HTTP/1.1" 200 591512
Performing system checks...

System check identified no issues (0 silenced).
September 05, 2022 - 13:25:50
Django version 4.1, using settings 'are.settings.dev'
Starting development server at http://0.0.0.0:8000/
Quit the server with CONTROL-C.
Watching for file changes with StatReloader
[05/Sep/2022 13:48:45] "GET / HTTP/1.1" 200 36562
[05/Sep/2022 13:48:45] "GET /static/css/style.css HTTP/1.1" 304 0
[05/Sep/2022 13:48:45] "GET /static/css/footer.css HTTP/1.1" 304 0
[05/Sep/2022 13:48:46] "GET /static/images/logo.svg HTTP/1.1" 304 0
[05/Sep/2022 13:48:46] "GET /static/images/registration.png HTTP/1.1" 304 0
[05/Sep/2022 13:48:46] "GET /static/images/homepage/1.png HTTP/1.1" 304 0
[05/Sep/2022 13:48:46] "GET /static/images/homepage/2.png HTTP/1.1" 304 0
[05/Sep/2022 13:48:46] "GET /static/images/homepage/slash.svg HTTP/1.1" 304 0
[05/Sep/2022 13:48:46] "GET /static/images/homepage/about_img.png HTTP/1.1" 304 0
[05/Sep/2022 13:48:46] "GET /static/images/homepage/slide1.png HTTP/1.1" 304 0
[05/Sep/2022 13:48:46] "GET /static/images/homepage/slide2.png HTTP/1.1" 304 0
[05/Sep/2022 13:48:46] "GET /static/images/homepage/banner.svg HTTP/1.1" 304 0
[05/Sep/2022 13:48:46] "GET /static/images/homepage/slide3.png HTTP/1.1" 304 0
[05/Sep/2022 13:48:46] "GET /static/images/homepage/right_blue.svg HTTP/1.1" 304 0
[05/Sep/2022 13:48:46] "GET /static/images/homepage/aicte-logo.png HTTP/1.1" 304 0
[05/Sep/2022 13:48:47] "GET /static/images/footer/1.png HTTP/1.1" 304 0
[05/Sep/2022 13:48:47] "GET /static/images/footer/2.png HTTP/1.1" 304 0
[05/Sep/2022 13:48:47] "GET /static/images/footer/fb.png HTTP/1.1" 304 0
[05/Sep/2022 13:48:47] "GET /static/images/footer/insta.png HTTP/1.1" 304 0
[05/Sep/2022 13:48:47] "GET /static/images/footer/twitter.png HTTP/1.1" 304 0
[05/Sep/2022 13:48:47] "GET /static/images/footer/linkd.png HTTP/1.1" 304 0
[05/Sep/2022 13:48:47] "GET /static/images/homepage/about_arrow.png HTTP/1.1" 304 0
[05/Sep/2022 13:48:47] "GET /static/images/award/brown_circle.png HTTP/1.1" 304 0
[05/Sep/2022 13:48:47] "GET /static/images/homepage/left_arrow.svg HTTP/1.1" 304 0
[05/Sep/2022 13:48:47] "GET /static/images/homepage/right_arrow.svg HTTP/1.1" 304 0
[05/Sep/2022 13:48:48] "GET / HTTP/1.1" 200 36562
[05/Sep/2022 13:48:49] "GET / HTTP/1.1" 200 36562
[05/Sep/2022 13:48:50] "GET / HTTP/1.1" 200 36562
[05/Sep/2022 13:49:05] "GET / HTTP/1.1" 200 36562
[05/Sep/2022 13:49:07] "GET / HTTP/1.1" 200 36562
[05/Sep/2022 13:49:08] "GET / HTTP/1.1" 200 36562
[05/Sep/2022 13:49:14] "GET / HTTP/1.1" 200 36562
[05/Sep/2022 13:49:19] "GET / HTTP/1.1" 200 36562
[05/Sep/2022 13:50:50] "GET / HTTP/1.1" 200 36562
[05/Sep/2022 13:50:51] "GET /static/css/style.css HTTP/1.1" 304 0
[05/Sep/2022 13:50:51] "GET /static/css/footer.css HTTP/1.1" 304 0
[05/Sep/2022 13:50:51] "GET /static/images/logo.svg HTTP/1.1" 304 0
[05/Sep/2022 13:50:51] "GET /static/images/registration.png HTTP/1.1" 304 0
[05/Sep/2022 13:50:51] "GET /static/images/homepage/1.png HTTP/1.1" 304 0
[05/Sep/2022 13:50:51] "GET /static/images/homepage/2.png HTTP/1.1" 304 0
[05/Sep/2022 13:50:52] "GET /static/images/homepage/slash.svg HTTP/1.1" 304 0
[05/Sep/2022 13:50:52] "GET /static/images/homepage/slide1.png HTTP/1.1" 304 0
[05/Sep/2022 13:50:52] "GET /static/images/homepage/banner.svg HTTP/1.1" 304 0
[05/Sep/2022 13:50:52] "GET /static/images/homepage/about_img.png HTTP/1.1" 304 0
[05/Sep/2022 13:50:53] "GET /static/images/homepage/slide2.png HTTP/1.1" 304 0
[05/Sep/2022 13:50:53] "GET /static/images/homepage/slide3.png HTTP/1.1" 304 0
[05/Sep/2022 13:51:02] "GET /ourpartner/ HTTP/1.1" 200 14411
[05/Sep/2022 13:51:02] "GET /static/images/footer/2.png HTTP/1.1" 304 0
[05/Sep/2022 13:51:02] "GET /static/images/footer/fb.png HTTP/1.1" 304 0
[05/Sep/2022 13:51:02] "GET /static/images/footer/1.png HTTP/1.1" 304 0
[05/Sep/2022 13:51:03] "GET /static/images/footer/linkd.png HTTP/1.1" 304 0
[05/Sep/2022 13:51:03] "GET /static/images/footer/insta.png HTTP/1.1" 304 0
[05/Sep/2022 13:51:03] "GET /static/images/footer/twitter.png HTTP/1.1" 304 0
[05/Sep/2022 13:51:06] "GET /agenda/ HTTP/1.1" 200 19046
[05/Sep/2022 13:51:09] "GET /speakers/ HTTP/1.1" 200 17024
[05/Sep/2022 13:51:10] "GET /static/css/speaker.css HTTP/1.1" 200 3301
[05/Sep/2022 13:51:10] "GET /static/images/speaker/mike.png HTTP/1.1" 200 44828
[05/Sep/2022 13:51:10] "GET /static/images/speaker/guri.png HTTP/1.1" 200 125922
[05/Sep/2022 13:51:10] "GET /static/images/speaker/anil.png HTTP/1.1" 200 123243
[05/Sep/2022 13:51:10] "GET /static/images/speaker/quote.png%7B%%20static%20' HTTP/1.1" 404 1991
[05/Sep/2022 13:51:10] "GET /static/images/speaker/quote.png HTTP/1.1" 200 986
[05/Sep/2022 13:51:11] "GET /static/images/speaker/diya.png HTTP/1.1" 200 146971
[05/Sep/2022 13:51:11] "GET /static/images/speaker/proanil.png HTTP/1.1" 200 172577
[05/Sep/2022 13:51:12] "GET /static/images/speaker/sonam.png HTTP/1.1" 200 167209
[05/Sep/2022 13:51:13] "GET /award/ HTTP/1.1" 200 11828
[05/Sep/2022 13:51:13] "GET /static/images/speaker/anjal.png HTTP/1.1" 200 141558
[05/Sep/2022 13:51:13] "GET /static/images/award/brown_circle.png HTTP/1.1" 304 0
[05/Sep/2022 13:51:17] "GET / HTTP/1.1" 200 36562
[05/Sep/2022 13:51:18] "GET /static/images/homepage/about_arrow.png HTTP/1.1" 304 0
[05/Sep/2022 13:51:18] "GET /static/images/homepage/right_blue.svg HTTP/1.1" 304 0
[05/Sep/2022 13:51:18] "GET /static/images/homepage/aicte-logo.png HTTP/1.1" 304 0
[05/Sep/2022 13:51:18] "GET /static/images/homepage/right_arrow.svg HTTP/1.1" 304 0
[05/Sep/2022 13:51:18] "GET /static/images/homepage/left_arrow.svg HTTP/1.1" 304 0
[05/Sep/2022 13:51:18] "GET /static/images/homepage/right_blue.svg HTTP/1.1" 304 0
[05/Sep/2022 13:51:18] "GET /static/images/homepage/aicte-logo.png HTTP/1.1" 304 0
[05/Sep/2022 13:51:20] "GET /static/images/speaker/banner.png HTTP/1.1" 200 1047948
[05/Sep/2022 13:51:21] "GET / HTTP/1.1" 200 36562
[05/Sep/2022 13:51:23] "GET / HTTP/1.1" 200 36562
[05/Sep/2022 13:51:24] "GET / HTTP/1.1" 200 36562
[05/Sep/2022 13:51:26] "GET / HTTP/1.1" 200 36562
[05/Sep/2022 13:51:27] "GET / HTTP/1.1" 200 36562
[05/Sep/2022 13:51:28] "GET / HTTP/1.1" 200 36562
[05/Sep/2022 13:51:30] "GET / HTTP/1.1" 200 36562
[05/Sep/2022 13:51:31] "GET / HTTP/1.1" 200 36562
[05/Sep/2022 13:51:32] "GET / HTTP/1.1" 200 36562
[05/Sep/2022 13:51:33] "GET / HTTP/1.1" 200 36562
[05/Sep/2022 13:51:34] "GET / HTTP/1.1" 200 36562
[05/Sep/2022 13:52:09] "GET / HTTP/1.1" 200 36562
[05/Sep/2022 13:54:16] "GET / HTTP/1.1" 200 36562
[05/Sep/2022 13:54:21] "GET / HTTP/1.1" 200 36562
[05/Sep/2022 13:54:24] "GET /context/ HTTP/1.1" 200 25112
[05/Sep/2022 13:54:25] "GET /static/css/context.css HTTP/1.1" 304 0
[05/Sep/2022 13:54:25] "GET /static/images/context/conference_img.png HTTP/1.1" 304 0
[05/Sep/2022 13:54:25] "GET /static/images/context/line_circle.png HTTP/1.1" 304 0
[05/Sep/2022 13:54:25] "GET /static/images/context/blue_vectore.png HTTP/1.1" 304 0
[05/Sep/2022 13:54:26] "GET /static/images/context/Participating_img.png HTTP/1.1" 304 0
[05/Sep/2022 13:54:26] "GET /static/images/amg/check-circle.svg HTTP/1.1" 304 0
[05/Sep/2022 13:54:26] "GET /static/images/context/running_right.png HTTP/1.1" 304 0
[05/Sep/2022 13:54:27] "GET /static/images/context/context_banner.png HTTP/1.1" 200 957229
[05/Sep/2022 13:54:32] "GET / HTTP/1.1" 200 36562
[05/Sep/2022 13:54:39] "GET /context/ HTTP/1.1" 200 25112
[05/Sep/2022 13:54:44] "GET / HTTP/1.1" 200 36562
[05/Sep/2022 13:56:02] "GET /context/ HTTP/1.1" 200 25112
[05/Sep/2022 13:56:03] "GET /ourpartner/ HTTP/1.1" 200 14411
[05/Sep/2022 13:56:04] "GET /static/css/ourpartner.css HTTP/1.1" 304 0
[05/Sep/2022 13:56:04] "GET /static/images/partner/1.png HTTP/1.1" 304 0
[05/Sep/2022 13:56:04] "GET /static/images/partner/2.png HTTP/1.1" 304 0
[05/Sep/2022 13:56:04] "GET /static/images/partner/3.png HTTP/1.1" 304 0
[05/Sep/2022 13:56:04] "GET /static/images/partner/4.png HTTP/1.1" 304 0
[05/Sep/2022 13:56:04] "GET /static/images/partner/5.png HTTP/1.1" 304 0
[05/Sep/2022 13:56:05] "GET /agenda/ HTTP/1.1" 200 19046
[05/Sep/2022 13:56:05] "GET /static/images/partner/6.png HTTP/1.1" 304 0
[05/Sep/2022 13:56:05] "GET /static/images/partner/7.png HTTP/1.1" 304 0
[05/Sep/2022 13:56:05] "GET /static/images/partner/9.png HTTP/1.1" 304 0
[05/Sep/2022 13:56:05] "GET /static/images/partner/8.png HTTP/1.1" 304 0
[05/Sep/2022 13:56:05] "GET /static/images/partner/banner.png HTTP/1.1" 304 0
[05/Sep/2022 13:56:05,415] - Broken pipe from ('122.168.233.92', 53666)
[05/Sep/2022 13:56:05] "GET /static/css/agenda.css HTTP/1.1" 304 0
[05/Sep/2022 13:56:06] "GET /static/images/agenda/agenda_banner.png HTTP/1.1" 304 0
[05/Sep/2022 13:56:07] "GET / HTTP/1.1" 200 36562
[05/Sep/2022 13:56:09] "GET / HTTP/1.1" 200 36562
[05/Sep/2022 13:56:11] "GET / HTTP/1.1" 200 36562
[05/Sep/2022 13:56:13] "GET /context/ HTTP/1.1" 200 25112
[05/Sep/2022 13:56:15] "GET / HTTP/1.1" 200 36562
[05/Sep/2022 13:56:24] "GET /context/ HTTP/1.1" 200 25112
[05/Sep/2022 13:56:26] "GET /ourpartner/ HTTP/1.1" 200 14411
[05/Sep/2022 13:56:26] "GET /static/images/partner/7.png HTTP/1.1" 200 3605
[05/Sep/2022 13:56:26] "GET /static/images/partner/6.png HTTP/1.1" 200 6239
[05/Sep/2022 13:56:27] "GET /static/images/partner/banner.png HTTP/1.1" 200 645876
[05/Sep/2022 13:56:27] "GET /static/images/partner/8.png HTTP/1.1" 200 6559
[05/Sep/2022 13:56:27] "GET /static/images/partner/10.png HTTP/1.1" 200 3975
[05/Sep/2022 13:56:27] "GET /static/images/partner/9.png HTTP/1.1" 200 5191
[05/Sep/2022 13:56:27] "GET /static/images/partner/11.png HTTP/1.1" 304 0
[05/Sep/2022 13:56:28] "GET /static/images/partner/12.png HTTP/1.1" 304 0
[05/Sep/2022 13:56:28] "GET /agenda/ HTTP/1.1" 200 19046
[05/Sep/2022 13:56:29] "GET /speakers/ HTTP/1.1" 200 17024
[05/Sep/2022 13:56:30] "GET /static/images/speaker/quote.png%7B%%20static%20' HTTP/1.1" 404 1991
[05/Sep/2022 13:56:33] "GET /award/ HTTP/1.1" 200 11828
[05/Sep/2022 13:56:33,545] - Broken pipe from ('122.168.233.92', 53663)
[05/Sep/2022 13:56:33] "GET /static/css/award.css HTTP/1.1" 304 0
[05/Sep/2022 13:56:33] "GET /static/images/award/opportunity_img.png HTTP/1.1" 304 0
[05/Sep/2022 13:56:33] "GET /static/images/award/save_world.png HTTP/1.1" 304 0
[05/Sep/2022 13:56:33] "GET /static/images/award/category_img.png HTTP/1.1" 304 0
[05/Sep/2022 13:56:34] "GET /static/images/award/appr_rightb.png HTTP/1.1" 304 0
[05/Sep/2022 13:56:34] "GET /static/images/award/appr_leftb.png HTTP/1.1" 304 0
[05/Sep/2022 13:56:34] "GET /static/images/award/brown_circle2.png HTTP/1.1" 304 0
[05/Sep/2022 13:56:34] "GET /static/images/award/award_banner.png HTTP/1.1" 304 0
[05/Sep/2022 13:56:37] "GET /admin_login/ HTTP/1.1" 200 1323
[05/Sep/2022 13:56:38] "GET /static/css/admin_login.css HTTP/1.1" 200 3083
[05/Sep/2022 13:56:47] "GET / HTTP/1.1" 200 36562
[05/Sep/2022 13:56:47] "GET /static/css/style.css HTTP/1.1" 304 0
[05/Sep/2022 13:56:47] "GET /static/images/logo.svg HTTP/1.1" 304 0
[05/Sep/2022 13:56:47] "GET /static/css/footer.css HTTP/1.1" 304 0
[05/Sep/2022 13:56:47] "GET /static/images/registration.png HTTP/1.1" 304 0
[05/Sep/2022 13:56:48] "GET /static/images/homepage/slash.svg HTTP/1.1" 304 0
[05/Sep/2022 13:56:48] "GET /static/images/homepage/1.png HTTP/1.1" 304 0
[05/Sep/2022 13:56:48] "GET /static/images/homepage/2.png HTTP/1.1" 304 0
[05/Sep/2022 13:56:48] "GET /static/images/logo.svg HTTP/1.1" 304 0
[05/Sep/2022 13:56:48] "GET /static/css/footer.css HTTP/1.1" 304 0
[05/Sep/2022 13:56:48] "GET /static/images/registration.png HTTP/1.1" 304 0
[05/Sep/2022 13:56:48] "GET /static/images/homepage/slide1.png HTTP/1.1" 304 0
[05/Sep/2022 13:56:49] "GET /static/images/homepage/about_img.png HTTP/1.1" 304 0
[05/Sep/2022 13:56:49] "GET /static/images/homepage/slide2.png HTTP/1.1" 304 0
[05/Sep/2022 13:56:49] "GET /static/images/homepage/slide3.png HTTP/1.1" 304 0
[05/Sep/2022 13:56:49] "GET /static/images/homepage/banner.svg HTTP/1.1" 304 0
[05/Sep/2022 13:56:55] "GET / HTTP/1.1" 200 36562
[05/Sep/2022 13:56:55] "GET /static/images/footer/1.png HTTP/1.1" 304 0
[05/Sep/2022 13:56:55] "GET /static/images/footer/2.png HTTP/1.1" 304 0
[05/Sep/2022 13:56:56] "GET /static/images/footer/insta.png HTTP/1.1" 304 0
[05/Sep/2022 13:56:56] "GET /static/images/footer/twitter.png HTTP/1.1" 304 0
[05/Sep/2022 13:56:56] "GET /static/images/footer/linkd.png HTTP/1.1" 304 0
[05/Sep/2022 13:56:56] "GET /static/images/footer/fb.png HTTP/1.1" 304 0
[05/Sep/2022 13:57:20] "GET / HTTP/1.1" 200 36562
[05/Sep/2022 13:57:20] "GET /static/css/style.css HTTP/1.1" 304 0
[05/Sep/2022 13:57:21] "GET /static/css/footer.css HTTP/1.1" 304 0
[05/Sep/2022 13:57:21] "GET /static/images/homepage/1.png HTTP/1.1" 304 0
[05/Sep/2022 13:57:21] "GET /static/images/logo.svg HTTP/1.1" 304 0
[05/Sep/2022 13:57:21] "GET /static/images/registration.png HTTP/1.1" 304 0
[05/Sep/2022 13:57:21] "GET /static/images/homepage/2.png HTTP/1.1" 304 0
[05/Sep/2022 13:57:21] "GET /static/images/homepage/slash.svg HTTP/1.1" 304 0
[05/Sep/2022 13:57:21] "GET /static/images/homepage/about_img.png HTTP/1.1" 304 0
[05/Sep/2022 13:57:21] "GET /static/images/homepage/banner.svg HTTP/1.1" 304 0
[05/Sep/2022 13:57:21] "GET /static/images/homepage/slide2.png HTTP/1.1" 304 0
[05/Sep/2022 13:57:21] "GET /static/images/homepage/slide1.png HTTP/1.1" 304 0
[05/Sep/2022 13:57:21] "GET /static/images/homepage/slide3.png HTTP/1.1" 304 0
[05/Sep/2022 13:57:22] "GET /static/images/homepage/right_blue.svg HTTP/1.1" 304 0
[05/Sep/2022 13:57:22] "GET /static/images/homepage/aicte-logo.png HTTP/1.1" 304 0
[05/Sep/2022 13:57:22] "GET /static/images/footer/1.png HTTP/1.1" 304 0
[05/Sep/2022 13:57:22] "GET /static/images/footer/2.png HTTP/1.1" 304 0
[05/Sep/2022 13:57:22] "GET /static/images/footer/fb.png HTTP/1.1" 304 0
[05/Sep/2022 13:57:22] "GET /static/images/footer/insta.png HTTP/1.1" 304 0
[05/Sep/2022 13:57:22] "GET /static/images/footer/twitter.png HTTP/1.1" 304 0
[05/Sep/2022 13:57:22] "GET /static/images/footer/linkd.png HTTP/1.1" 304 0
[05/Sep/2022 13:57:22] "GET /static/images/homepage/about_arrow.png HTTP/1.1" 304 0
[05/Sep/2022 13:57:22] "GET /static/images/award/brown_circle.png HTTP/1.1" 304 0
[05/Sep/2022 13:57:22] "GET /static/images/homepage/left_arrow.svg HTTP/1.1" 304 0
[05/Sep/2022 13:57:22] "GET /static/images/homepage/right_arrow.svg HTTP/1.1" 304 0
[05/Sep/2022 13:57:35] "GET / HTTP/1.1" 200 36562
[05/Sep/2022 13:57:35] "GET /context/ HTTP/1.1" 200 25112
[05/Sep/2022 13:57:37] "GET / HTTP/1.1" 200 36562
[05/Sep/2022 13:57:37] "GET /ourpartner/ HTTP/1.1" 200 14411
[05/Sep/2022 13:57:38] "GET /agenda/ HTTP/1.1" 200 19046
[05/Sep/2022 13:57:40] "GET /speakers/ HTTP/1.1" 200 17024
[05/Sep/2022 13:57:40] "GET /static/css/speaker.css HTTP/1.1" 304 0
[05/Sep/2022 13:57:40] "GET /static/images/speaker/quote.png%7B%%20static%20' HTTP/1.1" 404 1991
[05/Sep/2022 13:57:41] "GET /static/images/speaker/anil.png HTTP/1.1" 304 0
[05/Sep/2022 13:57:41] "GET /static/images/speaker/mike.png HTTP/1.1" 304 0
[05/Sep/2022 13:57:41] "GET /static/images/speaker/quote.png HTTP/1.1" 304 0
[05/Sep/2022 13:57:41] "GET /static/images/speaker/guri.png HTTP/1.1" 304 0
[05/Sep/2022 13:57:41] "GET /static/images/speaker/diya.png HTTP/1.1" 304 0
[05/Sep/2022 13:57:41] "GET /static/images/speaker/sonam.png HTTP/1.1" 304 0
[05/Sep/2022 13:57:41] "GET /static/images/speaker/anjal.png HTTP/1.1" 304 0
[05/Sep/2022 13:57:42] "GET /static/images/speaker/proanil.png HTTP/1.1" 304 0
[05/Sep/2022 13:57:42] "GET /static/images/speaker/banner.png HTTP/1.1" 304 0
[05/Sep/2022 13:57:43] "GET /award/ HTTP/1.1" 200 11828
[05/Sep/2022 13:57:43] "GET /static/images/award/brown_circle.png HTTP/1.1" 304 0
[05/Sep/2022 13:57:45] "GET /admin_login/ HTTP/1.1" 200 1323
[05/Sep/2022 13:57:50] "GET / HTTP/1.1" 200 36562
[05/Sep/2022 13:57:50] "GET /static/images/homepage/right_blue.svg HTTP/1.1" 304 0
[05/Sep/2022 13:57:50] "GET /static/images/homepage/aicte-logo.png HTTP/1.1" 304 0
[05/Sep/2022 13:57:50] "GET /static/images/homepage/about_arrow.png HTTP/1.1" 304 0
[05/Sep/2022 13:57:50] "GET /static/images/homepage/left_arrow.svg HTTP/1.1" 304 0
[05/Sep/2022 13:57:50] "GET /static/images/homepage/right_arrow.svg HTTP/1.1" 304 0
[05/Sep/2022 13:57:52] "GET / HTTP/1.1" 200 36562
[05/Sep/2022 13:58:03] "GET / HTTP/1.1" 200 36562
[05/Sep/2022 13:58:23] "GET /context/ HTTP/1.1" 200 25112
[05/Sep/2022 13:58:31] "GET / HTTP/1.1" 200 36562
[05/Sep/2022 13:58:51] "GET / HTTP/1.1" 200 36562
[05/Sep/2022 13:58:55] "GET / HTTP/1.1" 200 36562
[05/Sep/2022 13:58:57] "GET /context/ HTTP/1.1" 200 25112
[05/Sep/2022 13:59:09] "GET / HTTP/1.1" 200 36562
[05/Sep/2022 13:59:11] "GET / HTTP/1.1" 200 36562
[05/Sep/2022 13:59:13] "GET /context/ HTTP/1.1" 200 25112
[05/Sep/2022 13:59:15] "GET /ourpartner/ HTTP/1.1" 200 14411
[05/Sep/2022 13:59:17] "GET /static/images/partner/banner.png HTTP/1.1" 200 645876
[05/Sep/2022 13:59:22] "GET / HTTP/1.1" 200 36562
[05/Sep/2022 13:59:24] "GET /context/ HTTP/1.1" 200 25112
[05/Sep/2022 14:04:14] "GET /context/ HTTP/1.1" 200 25112
[05/Sep/2022 14:04:16] "GET /static/css/style.css HTTP/1.1" 304 0
[05/Sep/2022 14:04:16] "GET /static/css/context.css HTTP/1.1" 304 0
[05/Sep/2022 14:04:16] "GET /static/css/footer.css HTTP/1.1" 304 0
[05/Sep/2022 14:04:16] "GET /static/images/logo.svg HTTP/1.1" 304 0
[05/Sep/2022 14:04:17] "GET /static/images/registration.png HTTP/1.1" 304 0
[05/Sep/2022 14:04:17] "GET /static/images/context/running_right.png HTTP/1.1" 304 0
[05/Sep/2022 14:04:17] "GET /static/images/homepage/slash.svg HTTP/1.1" 304 0
[05/Sep/2022 14:04:18] "GET /static/images/context/context_banner.png HTTP/1.1" 304 0
[05/Sep/2022 14:04:18] "GET /static/images/context/conference_img.png HTTP/1.1" 304 0
[05/Sep/2022 14:04:18] "GET /static/images/amg/check-circle.svg HTTP/1.1" 304 0
[05/Sep/2022 14:04:19] "GET /static/images/footer/2.png HTTP/1.1" 304 0
[05/Sep/2022 14:04:19] "GET /static/images/context/line_circle.png HTTP/1.1" 304 0
[05/Sep/2022 14:04:19] "GET /static/images/footer/1.png HTTP/1.1" 304 0
[05/Sep/2022 14:04:19] "GET /static/images/context/blue_vectore.png HTTP/1.1" 304 0
[05/Sep/2022 14:04:19] "GET /static/images/context/Participating_img.png HTTP/1.1" 304 0
[05/Sep/2022 14:04:20] "GET /static/images/footer/twitter.png HTTP/1.1" 304 0
[05/Sep/2022 14:04:20] "GET / HTTP/1.1" 200 36562
[05/Sep/2022 14:04:20] "GET /static/images/footer/insta.png HTTP/1.1" 304 0
[05/Sep/2022 14:04:20] "GET /static/images/footer/linkd.png HTTP/1.1" 304 0
[05/Sep/2022 14:04:20] "GET /static/images/footer/fb.png HTTP/1.1" 304 0
[05/Sep/2022 14:04:20] "GET /static/images/homepage/1.png HTTP/1.1" 304 0
[05/Sep/2022 14:04:20] "GET /static/images/homepage/banner.svg HTTP/1.1" 304 0
[05/Sep/2022 14:04:20] "GET /static/images/homepage/2.png HTTP/1.1" 304 0
[05/Sep/2022 14:04:21] "GET /static/images/homepage/about_img.png HTTP/1.1" 304 0
[05/Sep/2022 14:04:21] "GET /static/images/homepage/slide3.png HTTP/1.1" 304 0
[05/Sep/2022 14:04:21] "GET /static/images/homepage/slide1.png HTTP/1.1" 304 0
[05/Sep/2022 14:04:21] "GET /static/images/homepage/slide2.png HTTP/1.1" 304 0
[05/Sep/2022 14:04:21] "GET /static/images/homepage/right_blue.svg HTTP/1.1" 304 0
[05/Sep/2022 14:04:21] "GET /static/images/homepage/aicte-logo.png HTTP/1.1" 304 0
[05/Sep/2022 14:04:22] "GET /static/images/homepage/about_arrow.png HTTP/1.1" 304 0
[05/Sep/2022 14:04:22] "GET /static/images/award/brown_circle.png HTTP/1.1" 304 0
[05/Sep/2022 14:04:22] "GET /static/images/homepage/left_arrow.svg HTTP/1.1" 304 0
[05/Sep/2022 14:04:23] "GET /static/images/homepage/right_arrow.svg HTTP/1.1" 304 0
[05/Sep/2022 14:04:27] "GET / HTTP/1.1" 200 36562
[05/Sep/2022 14:04:27] "GET /static/css/style.css HTTP/1.1" 304 0
[05/Sep/2022 14:04:27] "GET /static/css/footer.css HTTP/1.1" 304 0
[05/Sep/2022 14:04:27] "GET /static/images/logo.svg HTTP/1.1" 304 0
[05/Sep/2022 14:04:27] "GET /static/images/registration.png HTTP/1.1" 304 0
[05/Sep/2022 14:04:27] "GET /static/images/homepage/1.png HTTP/1.1" 304 0
[05/Sep/2022 14:04:27] "GET /static/images/homepage/2.png HTTP/1.1" 304 0
[05/Sep/2022 14:04:28] "GET /static/images/homepage/slash.svg HTTP/1.1" 304 0
[05/Sep/2022 14:04:28] "GET /static/images/homepage/about_img.png HTTP/1.1" 304 0
[05/Sep/2022 14:04:28] "GET /static/images/homepage/slide1.png HTTP/1.1" 304 0
[05/Sep/2022 14:04:28] "GET /static/images/homepage/banner.svg HTTP/1.1" 304 0
[05/Sep/2022 14:04:28] "GET /static/images/homepage/slide2.png HTTP/1.1" 304 0
[05/Sep/2022 14:04:28] "GET /static/images/homepage/slide3.png HTTP/1.1" 304 0
[05/Sep/2022 14:04:28] "GET /static/images/homepage/right_blue.svg HTTP/1.1" 304 0
[05/Sep/2022 14:04:28] "GET /static/images/homepage/aicte-logo.png HTTP/1.1" 304 0
[05/Sep/2022 14:04:28] "GET /static/images/footer/1.png HTTP/1.1" 304 0
[05/Sep/2022 14:04:28] "GET /static/images/footer/2.png HTTP/1.1" 304 0
[05/Sep/2022 14:04:28] "GET /static/images/footer/fb.png HTTP/1.1" 304 0
[05/Sep/2022 14:04:28] "GET /static/images/footer/insta.png HTTP/1.1" 304 0
[05/Sep/2022 14:04:29] "GET /static/images/footer/twitter.png HTTP/1.1" 304 0
[05/Sep/2022 14:04:29] "GET /static/images/footer/linkd.png HTTP/1.1" 304 0
[05/Sep/2022 14:04:29] "GET /static/images/award/brown_circle.png HTTP/1.1" 304 0
[05/Sep/2022 14:04:29] "GET /static/images/homepage/about_arrow.png HTTP/1.1" 304 0
[05/Sep/2022 14:04:29] "GET /static/images/homepage/left_arrow.svg HTTP/1.1" 304 0
[05/Sep/2022 14:04:29] "GET /static/images/homepage/right_arrow.svg HTTP/1.1" 304 0
[05/Sep/2022 14:19:40] "GET / HTTP/1.1" 200 36562
[05/Sep/2022 14:19:40] "GET /static/css/style.css HTTP/1.1" 304 0
[05/Sep/2022 14:19:40] "GET /static/css/footer.css HTTP/1.1" 304 0
[05/Sep/2022 14:19:41] "GET /static/images/logo.svg HTTP/1.1" 304 0
[05/Sep/2022 14:19:41] "GET /static/images/homepage/2.png HTTP/1.1" 304 0
[05/Sep/2022 14:19:41] "GET /static/images/homepage/1.png HTTP/1.1" 304 0
[05/Sep/2022 14:19:41] "GET /static/images/registration.png HTTP/1.1" 304 0
[05/Sep/2022 14:19:41] "GET /static/images/homepage/slash.svg HTTP/1.1" 304 0
[05/Sep/2022 14:19:41] "GET /static/images/homepage/slide1.png HTTP/1.1" 304 0
[05/Sep/2022 14:19:41] "GET /static/images/homepage/about_img.png HTTP/1.1" 304 0
[05/Sep/2022 14:19:41] "GET /static/images/homepage/banner.svg HTTP/1.1" 304 0
[05/Sep/2022 14:19:41] "GET /static/images/homepage/slide3.png HTTP/1.1" 304 0
[05/Sep/2022 14:19:41] "GET /static/images/homepage/slide2.png HTTP/1.1" 304 0
[05/Sep/2022 14:19:42] "GET /static/images/homepage/right_blue.svg HTTP/1.1" 304 0
[05/Sep/2022 14:19:42] "GET /static/images/homepage/aicte-logo.png HTTP/1.1" 304 0
[05/Sep/2022 14:19:42] "GET /static/images/footer/1.png HTTP/1.1" 304 0
[05/Sep/2022 14:19:42] "GET /static/images/footer/2.png HTTP/1.1" 304 0
[05/Sep/2022 14:19:42] "GET /static/images/footer/fb.png HTTP/1.1" 304 0
[05/Sep/2022 14:19:42] "GET /static/images/footer/insta.png HTTP/1.1" 304 0
[05/Sep/2022 14:19:42] "GET /static/images/footer/twitter.png HTTP/1.1" 304 0
[05/Sep/2022 14:19:42] "GET /static/images/footer/linkd.png HTTP/1.1" 304 0
[05/Sep/2022 14:19:42] "GET /static/images/homepage/about_arrow.png HTTP/1.1" 304 0
[05/Sep/2022 14:19:43] "GET /static/images/award/brown_circle.png HTTP/1.1" 304 0
[05/Sep/2022 14:19:43] "GET /static/images/homepage/left_arrow.svg HTTP/1.1" 304 0
[05/Sep/2022 14:19:43] "GET /static/images/homepage/right_arrow.svg HTTP/1.1" 304 0
[05/Sep/2022 14:26:57] "GET / HTTP/1.1" 200 36562
[05/Sep/2022 14:26:57] "GET /static/css/style.css HTTP/1.1" 304 0
[05/Sep/2022 14:26:57] "GET /static/css/footer.css HTTP/1.1" 304 0
[05/Sep/2022 14:26:57] "GET /static/images/logo.svg HTTP/1.1" 304 0
[05/Sep/2022 14:26:57] "GET /static/images/registration.png HTTP/1.1" 304 0
[05/Sep/2022 14:26:57] "GET /static/images/homepage/1.png HTTP/1.1" 304 0
[05/Sep/2022 14:26:57] "GET /static/images/homepage/2.png HTTP/1.1" 304 0
[05/Sep/2022 14:26:58] "GET /static/images/homepage/slash.svg HTTP/1.1" 304 0
[05/Sep/2022 14:26:58] "GET /static/images/homepage/about_img.png HTTP/1.1" 304 0
[05/Sep/2022 14:26:58] "GET /static/images/homepage/banner.svg HTTP/1.1" 304 0
[05/Sep/2022 14:26:58] "GET /static/images/homepage/slide1.png HTTP/1.1" 304 0
[05/Sep/2022 14:26:58] "GET /static/images/homepage/slide2.png HTTP/1.1" 304 0
[05/Sep/2022 14:26:58] "GET /static/images/homepage/slide3.png HTTP/1.1" 304 0
[05/Sep/2022 14:26:58] "GET /static/images/homepage/right_blue.svg HTTP/1.1" 304 0
[05/Sep/2022 14:26:58] "GET /static/images/homepage/aicte-logo.png HTTP/1.1" 304 0
[05/Sep/2022 14:26:58] "GET /static/images/footer/1.png HTTP/1.1" 304 0
[05/Sep/2022 14:26:58] "GET /static/images/footer/2.png HTTP/1.1" 304 0
[05/Sep/2022 14:26:58] "GET /static/images/footer/fb.png HTTP/1.1" 304 0
[05/Sep/2022 14:26:58] "GET /static/images/footer/insta.png HTTP/1.1" 304 0
[05/Sep/2022 14:26:59] "GET /static/images/footer/twitter.png HTTP/1.1" 304 0
[05/Sep/2022 14:26:59] "GET /static/images/footer/linkd.png HTTP/1.1" 304 0
[05/Sep/2022 14:26:59] "GET /static/images/homepage/about_arrow.png HTTP/1.1" 304 0
[05/Sep/2022 14:26:59] "GET /static/images/award/brown_circle.png HTTP/1.1" 304 0
[05/Sep/2022 14:26:59] "GET /static/images/homepage/left_arrow.svg HTTP/1.1" 304 0
[05/Sep/2022 14:26:59] "GET /static/images/homepage/right_arrow.svg HTTP/1.1" 304 0
[05/Sep/2022 14:34:02] "GET / HTTP/1.1" 200 36562
[05/Sep/2022 14:41:53] "GET / HTTP/1.1" 200 36562
[05/Sep/2022 14:41:53] "GET /static/css/style.css HTTP/1.1" 304 0
[05/Sep/2022 14:41:53] "GET /static/css/footer.css HTTP/1.1" 304 0
[05/Sep/2022 14:41:53] "GET /static/images/logo.svg HTTP/1.1" 304 0
[05/Sep/2022 14:41:53] "GET /static/images/registration.png HTTP/1.1" 304 0
[05/Sep/2022 14:41:53] "GET /static/images/homepage/1.png HTTP/1.1" 304 0
[05/Sep/2022 14:41:53] "GET /static/images/homepage/2.png HTTP/1.1" 304 0
[05/Sep/2022 14:41:54] "GET /static/images/homepage/slash.svg HTTP/1.1" 304 0
[05/Sep/2022 14:41:54] "GET /static/images/homepage/about_img.png HTTP/1.1" 304 0
[05/Sep/2022 14:41:54] "GET /static/images/homepage/slide1.png HTTP/1.1" 304 0
[05/Sep/2022 14:41:54] "GET /static/images/homepage/banner.svg HTTP/1.1" 304 0
[05/Sep/2022 14:41:54] "GET /static/images/homepage/slide2.png HTTP/1.1" 304 0
[05/Sep/2022 14:41:54] "GET /static/images/homepage/slide3.png HTTP/1.1" 304 0
[05/Sep/2022 14:41:54] "GET /static/images/homepage/right_blue.svg HTTP/1.1" 304 0
[05/Sep/2022 14:41:54] "GET /static/images/homepage/aicte-logo.png HTTP/1.1" 304 0
[05/Sep/2022 14:41:54] "GET /static/images/footer/1.png HTTP/1.1" 304 0
[05/Sep/2022 14:41:54] "GET /static/images/footer/2.png HTTP/1.1" 304 0
[05/Sep/2022 14:41:54] "GET /static/images/footer/fb.png HTTP/1.1" 304 0
[05/Sep/2022 14:41:54] "GET /static/images/footer/insta.png HTTP/1.1" 304 0
[05/Sep/2022 14:41:55] "GET /static/images/footer/twitter.png HTTP/1.1" 304 0
[05/Sep/2022 14:41:55] "GET /static/images/footer/linkd.png HTTP/1.1" 304 0
[05/Sep/2022 14:41:55] "GET /static/images/award/brown_circle.png HTTP/1.1" 304 0
[05/Sep/2022 14:41:55] "GET /static/images/homepage/about_arrow.png HTTP/1.1" 304 0
[05/Sep/2022 14:41:55] "GET /static/images/homepage/left_arrow.svg HTTP/1.1" 304 0
[05/Sep/2022 14:41:55] "GET /static/images/homepage/right_arrow.svg HTTP/1.1" 304 0
[05/Sep/2022 14:58:22] "GET / HTTP/1.1" 200 36562
[05/Sep/2022 14:58:33] "GET /static/css/style.css HTTP/1.1" 200 14296
[05/Sep/2022 14:58:34] "GET /static/css/footer.css HTTP/1.1" 200 3462
[05/Sep/2022 14:58:34] "GET /static/images/registration.png HTTP/1.1" 200 509
[05/Sep/2022 14:58:34] "GET /static/images/logo.svg HTTP/1.1" 200 261106
[05/Sep/2022 14:58:34] "GET /static/images/homepage/1.png HTTP/1.1" 200 1294
[05/Sep/2022 14:58:35] "GET /static/images/homepage/2.png HTTP/1.1" 200 1493
[05/Sep/2022 14:58:35] "GET /static/images/homepage/slash.svg HTTP/1.1" 200 174
[05/Sep/2022 14:58:35] "GET /static/images/homepage/slide1.png HTTP/1.1" 200 271239
[05/Sep/2022 14:58:35] "GET /static/images/homepage/slide2.png HTTP/1.1" 200 231107
[05/Sep/2022 14:58:35] "GET /static/images/homepage/about_img.png HTTP/1.1" 200 528282
[05/Sep/2022 14:58:37] "GET /static/images/homepage/slide3.png HTTP/1.1" 200 303901
[05/Sep/2022 14:58:37] "GET /static/images/homepage/right_blue.svg HTTP/1.1" 200 210
[05/Sep/2022 14:58:37] "GET /static/images/homepage/banner.svg HTTP/1.1" 200 1163330
[05/Sep/2022 14:58:38] "GET /static/images/footer/1.png HTTP/1.1" 200 417
[05/Sep/2022 14:58:38] "GET /static/images/footer/fb.png HTTP/1.1" 200 259
[05/Sep/2022 14:58:38] "GET /static/images/footer/2.png HTTP/1.1" 200 377
[05/Sep/2022 14:58:38] "GET /static/images/footer/insta.png HTTP/1.1" 200 578
[05/Sep/2022 14:58:39] "GET /static/images/footer/twitter.png HTTP/1.1" 200 498
[05/Sep/2022 14:58:39] "GET /static/images/footer/linkd.png HTTP/1.1" 200 398
[05/Sep/2022 14:58:39] "GET /static/images/homepage/about_arrow.png HTTP/1.1" 200 3885
[05/Sep/2022 14:58:39] "GET /static/images/award/brown_circle.png HTTP/1.1" 200 1401
[05/Sep/2022 14:58:40] "GET /static/images/homepage/right_arrow.svg HTTP/1.1" 200 745
[05/Sep/2022 14:58:40] "GET /static/images/homepage/left_arrow.svg HTTP/1.1" 200 729
[05/Sep/2022 14:58:42] "GET /static/images/homepage/aicte-logo.png HTTP/1.1" 200 494691
Not Found: /favicon.ico
[05/Sep/2022 14:58:49] "GET /favicon.ico HTTP/1.1" 404 4140
[05/Sep/2022 14:59:05] "GET / HTTP/1.1" 200 36562
[05/Sep/2022 14:59:08] "GET /context/ HTTP/1.1" 200 25112
[05/Sep/2022 14:59:09] "GET /static/css/context.css HTTP/1.1" 200 4078
[05/Sep/2022 14:59:09] "GET /static/images/amg/check-circle.svg HTTP/1.1" 200 628
[05/Sep/2022 14:59:10] "GET /static/images/context/running_right.png HTTP/1.1" 200 206042
[05/Sep/2022 14:59:10] "GET /static/images/context/conference_img.png HTTP/1.1" 200 420619
[05/Sep/2022 14:59:10] "GET /static/images/context/line_circle.png HTTP/1.1" 200 29816
[05/Sep/2022 14:59:11] "GET /static/images/context/Participating_img.png HTTP/1.1" 200 210879
[05/Sep/2022 14:59:11] "GET /static/images/context/context_banner.png HTTP/1.1" 200 957229
[05/Sep/2022 14:59:11] "GET /static/images/context/blue_vectore.png HTTP/1.1" 200 296639
[05/Sep/2022 15:01:21] "GET / HTTP/1.1" 200 36562
[05/Sep/2022 15:01:22] "GET /static/css/footer.css HTTP/1.1" 200 3462
[05/Sep/2022 15:01:22] "GET /static/css/style.css HTTP/1.1" 200 14296
[05/Sep/2022 15:01:22] "GET /static/images/registration.png HTTP/1.1" 200 509
[05/Sep/2022 15:01:23] "GET /static/images/logo.svg HTTP/1.1" 200 261106
[05/Sep/2022 15:01:23] "GET /static/images/homepage/1.png HTTP/1.1" 200 1294
[05/Sep/2022 15:01:24] "GET /static/images/homepage/2.png HTTP/1.1" 200 1493
[05/Sep/2022 15:01:24] "GET /static/images/homepage/slash.svg HTTP/1.1" 200 174
Not Found: /favicon.ico
[05/Sep/2022 15:01:24] "GET /favicon.ico HTTP/1.1" 404 4140
[05/Sep/2022 15:01:25] "GET /static/images/homepage/slide1.png HTTP/1.1" 200 271239
[05/Sep/2022 15:01:26] "GET /static/images/homepage/slide3.png HTTP/1.1" 200 303901
[05/Sep/2022 15:01:26] "GET /static/images/homepage/slide2.png HTTP/1.1" 200 231107
[05/Sep/2022 15:01:26] "GET /static/images/homepage/banner.svg HTTP/1.1" 200 1163330
[05/Sep/2022 15:01:27] "GET /static/images/homepage/about_img.png HTTP/1.1" 200 528282
[05/Sep/2022 15:01:27] "GET /static/images/homepage/right_blue.svg HTTP/1.1" 200 210
[05/Sep/2022 15:01:27] "GET /static/images/footer/1.png HTTP/1.1" 200 417
[05/Sep/2022 15:01:27] "GET /static/images/footer/insta.png HTTP/1.1" 200 578
[05/Sep/2022 15:01:27] "GET /static/images/footer/fb.png HTTP/1.1" 200 259
[05/Sep/2022 15:01:27] "GET /static/images/footer/2.png HTTP/1.1" 200 377
[05/Sep/2022 15:01:28] "GET /static/images/footer/twitter.png HTTP/1.1" 200 498
[05/Sep/2022 15:01:28] "GET /static/images/footer/linkd.png HTTP/1.1" 200 398
[05/Sep/2022 15:01:28] "GET /static/images/award/brown_circle.png HTTP/1.1" 200 1401
[05/Sep/2022 15:01:28] "GET /static/images/homepage/left_arrow.svg HTTP/1.1" 200 729
[05/Sep/2022 15:01:28] "GET /static/images/homepage/right_arrow.svg HTTP/1.1" 200 745
[05/Sep/2022 15:01:28] "GET /static/images/homepage/aicte-logo.png HTTP/1.1" 200 494691
[05/Sep/2022 15:02:06] "GET / HTTP/1.1" 200 36562
[05/Sep/2022 15:02:09] "GET /static/css/style.css HTTP/1.1" 200 14296
[05/Sep/2022 15:02:09] "GET /static/images/registration.png HTTP/1.1" 200 509
[05/Sep/2022 15:02:09] "GET /static/css/footer.css HTTP/1.1" 200 3462
[05/Sep/2022 15:02:09] "GET /static/images/homepage/2.png HTTP/1.1" 200 1493
[05/Sep/2022 15:02:09] "GET /static/images/homepage/1.png HTTP/1.1" 200 1294
[05/Sep/2022 15:02:09] "GET /static/images/logo.svg HTTP/1.1" 200 261106
[05/Sep/2022 15:02:11] "GET /static/images/homepage/slash.svg HTTP/1.1" 200 174
[05/Sep/2022 15:02:11] "GET /static/images/homepage/slide1.png HTTP/1.1" 200 271239
[05/Sep/2022 15:02:12] "GET /static/images/homepage/slide3.png HTTP/1.1" 200 303901
[05/Sep/2022 15:02:12] "GET /static/images/homepage/right_blue.svg HTTP/1.1" 200 210
[05/Sep/2022 15:02:12] "GET /static/images/homepage/about_img.png HTTP/1.1" 200 528282
[05/Sep/2022 15:02:12] "GET /static/images/homepage/slide2.png HTTP/1.1" 200 231107
[05/Sep/2022 15:02:14] "GET /static/images/homepage/aicte-logo.png HTTP/1.1" 200 494691
[05/Sep/2022 15:02:14] "GET /static/images/footer/1.png HTTP/1.1" 200 417
[05/Sep/2022 15:02:14] "GET /static/images/footer/2.png HTTP/1.1" 200 377
[05/Sep/2022 15:02:15] "GET /static/images/footer/fb.png HTTP/1.1" 200 259
[05/Sep/2022 15:02:15] "GET /static/images/homepage/banner.svg HTTP/1.1" 200 1163330
[05/Sep/2022 15:02:16] "GET /static/images/footer/twitter.png HTTP/1.1" 200 498
[05/Sep/2022 15:02:16] "GET /static/images/footer/linkd.png HTTP/1.1" 200 398
[05/Sep/2022 15:02:16] "GET /static/images/award/brown_circle.png HTTP/1.1" 200 1401
[05/Sep/2022 15:02:17] "GET /static/images/homepage/left_arrow.svg HTTP/1.1" 200 729
[05/Sep/2022 15:02:18] "GET /static/images/footer/insta.png HTTP/1.1" 200 578
[05/Sep/2022 15:02:18] "GET /static/images/homepage/right_arrow.svg HTTP/1.1" 200 745
[05/Sep/2022 15:04:19] "GET / HTTP/1.1" 200 36562
[05/Sep/2022 15:04:43] "GET /speakers/ HTTP/1.1" 200 17024
[05/Sep/2022 15:04:44] "GET /static/css/speaker.css HTTP/1.1" 200 3301
[05/Sep/2022 15:04:44] "GET /static/images/speaker/mike.png HTTP/1.1" 200 44828
[05/Sep/2022 15:04:44] "GET /static/images/speaker/quote.png%7B%%20static%20' HTTP/1.1" 404 1991
[05/Sep/2022 15:04:44] "GET /static/images/speaker/quote.png HTTP/1.1" 200 986
[05/Sep/2022 15:04:44] "GET /static/images/speaker/anil.png HTTP/1.1" 200 123243
[05/Sep/2022 15:04:44] "GET /static/images/speaker/guri.png HTTP/1.1" 200 125922
[05/Sep/2022 15:04:45] "GET /static/images/speaker/diya.png HTTP/1.1" 200 146971
[05/Sep/2022 15:04:45] "GET /static/images/speaker/anjal.png HTTP/1.1" 200 141558
[05/Sep/2022 15:04:45] "GET /static/images/speaker/proanil.png HTTP/1.1" 200 172577
[05/Sep/2022 15:04:45] "GET /static/images/speaker/sonam.png HTTP/1.1" 200 167209
[05/Sep/2022 15:04:47] "GET /static/images/speaker/banner.png HTTP/1.1" 200 1047948
[05/Sep/2022 15:04:57] "GET /award/ HTTP/1.1" 200 11828
[05/Sep/2022 15:04:58] "GET /static/css/award.css HTTP/1.1" 200 5641
[05/Sep/2022 15:04:59] "GET /static/images/award/appr_leftb.png HTTP/1.1" 200 24772
[05/Sep/2022 15:04:59] "GET /static/images/award/brown_circle2.png HTTP/1.1" 200 2093
[05/Sep/2022 15:04:59] "GET /static/images/award/save_world.png HTTP/1.1" 200 342325
[05/Sep/2022 15:04:59] "GET /static/images/award/appr_rightb.png HTTP/1.1" 200 6672
[05/Sep/2022 15:04:59] "GET /static/images/award/award_banner.png HTTP/1.1" 200 591512
[05/Sep/2022 15:04:59] "GET /static/images/award/opportunity_img.png HTTP/1.1" 200 198234
[05/Sep/2022 15:05:01] "GET /static/images/award/category_img.png HTTP/1.1" 200 290973
[05/Sep/2022 15:05:14] "GET /challange_award/ HTTP/1.1" 200 8763
[05/Sep/2022 15:05:15] "GET /static/css/challange.css HTTP/1.1" 200 2472
[05/Sep/2022 15:05:17] "GET /static/images/challenge/challenge_img.png HTTP/1.1" 200 765589
[05/Sep/2022 15:05:19] "GET /static/images/challenge/challenges_img.png HTTP/1.1" 200 285379
[05/Sep/2022 15:05:23] "GET /application/ HTTP/1.1" 200 23393
[05/Sep/2022 15:05:24] "GET /static/css/application.css HTTP/1.1" 200 5376
[05/Sep/2022 15:05:24] "GET /static/images/check.svg HTTP/1.1" 200 221
[05/Sep/2022 15:05:38] "GET /speakers/ HTTP/1.1" 200 17024
[05/Sep/2022 15:05:43] "GET /ourpartner/ HTTP/1.1" 200 14411
[05/Sep/2022 15:05:44] "GET /static/css/ourpartner.css HTTP/1.1" 200 2666
[05/Sep/2022 15:05:44] "GET /static/images/partner/1.png HTTP/1.1" 200 7602
[05/Sep/2022 15:05:44] "GET /static/images/partner/4.png HTTP/1.1" 200 2634
[05/Sep/2022 15:05:44] "GET /static/images/partner/3.png HTTP/1.1" 200 6114
[05/Sep/2022 15:05:44] "GET /static/images/partner/2.png HTTP/1.1" 200 3471
[05/Sep/2022 15:05:44] "GET /static/images/partner/5.png HTTP/1.1" 200 1477
[05/Sep/2022 15:05:44] "GET /static/images/partner/7.png HTTP/1.1" 200 3605
[05/Sep/2022 15:05:44] "GET /static/images/partner/6.png HTTP/1.1" 200 6239
[05/Sep/2022 15:05:44] "GET /static/images/partner/8.png HTTP/1.1" 200 6559
[05/Sep/2022 15:05:44] "GET /static/images/partner/9.png HTTP/1.1" 200 5191
[05/Sep/2022 15:05:45] "GET /static/images/partner/10.png HTTP/1.1" 200 3975
[05/Sep/2022 15:05:45] "GET /static/images/partner/11.png HTTP/1.1" 200 2815
[05/Sep/2022 15:05:45] "GET /static/images/partner/12.png HTTP/1.1" 200 6839
[05/Sep/2022 15:05:45] "GET /static/images/partner/banner.png HTTP/1.1" 200 645876
[05/Sep/2022 15:06:05] "GET /agenda/ HTTP/1.1" 200 19046
[05/Sep/2022 15:06:06] "GET /static/css/agenda.css HTTP/1.1" 200 1368
[05/Sep/2022 15:06:07] "GET /static/images/agenda/agenda_banner.png HTTP/1.1" 200 434348
[05/Sep/2022 15:06:18] "GET /admin_login/ HTTP/1.1" 200 1323
[05/Sep/2022 15:06:18] "GET /static/css/admin_login.css HTTP/1.1" 200 3083
[05/Sep/2022 15:06:23] "GET / HTTP/1.1" 200 36562
[05/Sep/2022 15:06:56] "GET / HTTP/1.1" 200 36562
[05/Sep/2022 15:07:01] "GET / HTTP/1.1" 200 36562
[05/Sep/2022 15:16:04] "GET / HTTP/1.1" 200 36562
[05/Sep/2022 15:16:05] "GET /static/css/style.css HTTP/1.1" 304 0
[05/Sep/2022 15:16:05] "GET /static/css/footer.css HTTP/1.1" 304 0
[05/Sep/2022 15:16:05] "GET /static/images/logo.svg HTTP/1.1" 304 0
[05/Sep/2022 15:16:05] "GET /static/images/registration.png HTTP/1.1" 304 0
[05/Sep/2022 15:16:05] "GET /static/images/homepage/1.png HTTP/1.1" 304 0
[05/Sep/2022 15:16:05] "GET /static/images/homepage/2.png HTTP/1.1" 304 0
[05/Sep/2022 15:16:06] "GET /static/images/homepage/slash.svg HTTP/1.1" 304 0
[05/Sep/2022 15:16:06] "GET /static/images/homepage/about_img.png HTTP/1.1" 304 0
[05/Sep/2022 15:16:06] "GET /static/images/homepage/slide1.png HTTP/1.1" 304 0
[05/Sep/2022 15:16:06] "GET /static/images/homepage/slide2.png HTTP/1.1" 304 0
[05/Sep/2022 15:16:06] "GET /static/images/homepage/slide3.png HTTP/1.1" 304 0
[05/Sep/2022 15:16:06] "GET /static/images/homepage/right_blue.svg HTTP/1.1" 304 0
[05/Sep/2022 15:16:06] "GET /static/images/homepage/banner.svg HTTP/1.1" 304 0
[05/Sep/2022 15:16:06] "GET /static/images/footer/1.png HTTP/1.1" 304 0
[05/Sep/2022 15:16:06] "GET /static/images/footer/2.png HTTP/1.1" 304 0
[05/Sep/2022 15:16:06] "GET /static/images/homepage/aicte-logo.png HTTP/1.1" 304 0
[05/Sep/2022 15:16:06] "GET /static/images/footer/fb.png HTTP/1.1" 304 0
[05/Sep/2022 15:16:07] "GET /static/images/footer/insta.png HTTP/1.1" 304 0
[05/Sep/2022 15:16:07] "GET /static/images/footer/twitter.png HTTP/1.1" 304 0
[05/Sep/2022 15:16:07] "GET /static/images/footer/linkd.png HTTP/1.1" 304 0
[05/Sep/2022 15:16:07] "GET /static/images/homepage/about_arrow.png HTTP/1.1" 304 0
[05/Sep/2022 15:16:07] "GET /static/images/award/brown_circle.png HTTP/1.1" 304 0
[05/Sep/2022 15:16:07] "GET /static/images/homepage/left_arrow.svg HTTP/1.1" 304 0
[05/Sep/2022 15:16:08] "GET /static/images/homepage/right_arrow.svg HTTP/1.1" 304 0
[05/Sep/2022 15:16:34] "GET /ourpartner/ HTTP/1.1" 200 14411
[05/Sep/2022 15:16:52] "GET / HTTP/1.1" 200 36562
[05/Sep/2022 15:17:38] "GET /context/ HTTP/1.1" 200 25112
[05/Sep/2022 15:17:39] "GET /static/css/context.css HTTP/1.1" 304 0
[05/Sep/2022 15:17:39] "GET /static/images/context/running_right.png HTTP/1.1" 304 0
[05/Sep/2022 15:17:39] "GET /static/images/context/conference_img.png HTTP/1.1" 304 0
[05/Sep/2022 15:17:39] "GET /static/images/amg/check-circle.svg HTTP/1.1" 304 0
[05/Sep/2022 15:17:39] "GET /static/images/context/context_banner.png HTTP/1.1" 304 0
[05/Sep/2022 15:17:39] "GET /static/images/context/line_circle.png HTTP/1.1" 304 0
[05/Sep/2022 15:17:40] "GET /static/images/context/blue_vectore.png HTTP/1.1" 304 0
[05/Sep/2022 15:17:40] "GET /static/images/context/Participating_img.png HTTP/1.1" 304 0
/var/www/are_conference/are-conference/are/settings/base.py changed, reloading.
Performing system checks...

System check identified no issues (0 silenced).
September 05, 2022 - 13:48:31
Django version 4.1, using settings 'are.settings.dev'
Starting development server at http://0.0.0.0:8000/
Quit the server with CONTROL-C.
Traceback (most recent call last):
  File "manage.py", line 22, in <module>
    main()
  File "manage.py", line 18, in main
    execute_from_command_line(sys.argv)
  File "/var/www/are_conference/env/lib/python3.8/site-packages/django/core/management/__init__.py", line 446, in execute_from_command_line
    utility.execute()
  File "/var/www/are_conference/env/lib/python3.8/site-packages/django/core/management/__init__.py", line 386, in execute
    settings.INSTALLED_APPS
  File "/var/www/are_conference/env/lib/python3.8/site-packages/django/conf/__init__.py", line 92, in __getattr__
    self._setup(name)
  File "/var/www/are_conference/env/lib/python3.8/site-packages/django/conf/__init__.py", line 79, in _setup
    self._wrapped = Settings(settings_module)
  File "/var/www/are_conference/env/lib/python3.8/site-packages/django/conf/__init__.py", line 190, in __init__
    mod = importlib.import_module(self.SETTINGS_MODULE)
  File "/usr/lib/python3.8/importlib/__init__.py", line 127, in import_module
    return _bootstrap._gcd_import(name[level:], package, level)
  File "<frozen importlib._bootstrap>", line 1014, in _gcd_import
  File "<frozen importlib._bootstrap>", line 991, in _find_and_load
  File "<frozen importlib._bootstrap>", line 975, in _find_and_load_unlocked
  File "<frozen importlib._bootstrap>", line 671, in _load_unlocked
  File "<frozen importlib._bootstrap_external>", line 848, in exec_module
  File "<frozen importlib._bootstrap>", line 219, in _call_with_frames_removed
  File "/var/www/are_conference/are-conference/are/settings/dev.py", line 1, in <module>
    from .base import *
  File "/var/www/are_conference/are-conference/are/settings/base.py", line 17, in <module>
    PROJECT_DIR = Path(__file__).ancestor(2)
AttributeError: 'PosixPath' object has no attribute 'ancestor'
